<?xml version="1.0" encoding="UTF-8"?>
<!-- Generated by org.testng.reporters.JUnitReportReporter -->
<testsuite hostname="DESKTOP-H975H5S" failures="0" tests="1" name="Task_3.Task_3.AppTest" time="7.519" errors="0" timestamp="2024-03-26T17:11:01 IST" skipped="0">
  <testcase classname="Task_3.Task_3.AppTest" name="runTest" time="7.519"/>
</testsuite> <!-- Task_3.Task_3.AppTest -->
